Magma V2.25-4     Mon May  4 2020 08:25:27 on thinkpad [Seed = 
1887529564]
Type ? for help.  Type <Ctrl>-D to quit.

Loading file "examples/s2.m"
> Attach("surf.m");
> 
> P4<a,b,c,k,l> := ProjectiveSpace(Rationals(), 4);
> S2 := Scheme(P4, [
>     4*k^2 - (2*b^2 + 2*c^2 - a^2),
>     4*l^2 - (2*c^2 + 2*a^2 - b^2) ]);
> 
> 
> time C := Conics(S2);
dimension 1: infinite
dimension 1: infinite
dimension 1: infinite
dimension 1: infinite
dimension 1: infinite
dimension 1: infinite
dimension 1: infinite
dimension 1: infinite
dimension 1: infinite
dimension 1: infinite
dimension 1: infinite
dimension 1: infinite
dimension 1: infinite
dimension 1: infinite
dimension 1: infinite
Time: 4.820
> #C;
40
> [ MinimalBasis(X) : X in C ];
[
    [
        k + r6*l,
        a + r6*c,
        b^2 + 2*c^2 + 4*l^2
    ],
    [
        b - r43*c,
        a - 4*r45*k,
        c^2 - 8/3*k^2 - 4/3*l^2
    ],
    [
        b - r43*c,
        a + 4*r45*k,
        c^2 - 8/3*k^2 - 4/3*l^2
    ],
    [
        c - r20*k,
        a + 8/3*r24*l,
        b^2 - 4/3*k^2 - 4/3*l^2
    ],
    [
        c + r20*k,
        a + 8/3*r24*l,
        b^2 - 4/3*k^2 - 4/3*l^2
    ],
    [
        c + r20*k,
        a - 8/3*r24*l,
        b^2 - 4/3*k^2 - 4/3*l^2
    ],
    [
        c + r9*k,
        a + r9*b,
        b^2 + 4/3*k^2 - 4/3*l^2
    ],
    [
        c + r9*k,
        a - r9*b,
        b^2 + 4/3*k^2 - 4/3*l^2
    ],
    [
        c + r18*k,
        b - 4/3*r29*l,
        a^2 + 4/3*k^2 - 8/3*l^2
    ],
    [
        c - r20*k,
        a - 8/3*r24*l,
        b^2 - 4/3*k^2 - 4/3*l^2
    ],
    [
        c + r18*k,
        b + 4/3*r29*l,
        a^2 + 4/3*k^2 - 8/3*l^2
    ],
    [
        c - r9*k,
        a + r9*b,
        b^2 + 4/3*k^2 - 4/3*l^2
    ],
    [
        c - r9*k,
        a - r9*b,
        b^2 + 4/3*k^2 - 4/3*l^2
    ],
    [
        k + r6*l,
        a - r6*c,
        b^2 + 2*c^2 + 4*l^2
    ],
    [
        k - r4*l,
        b - r6*c,
        a^2 + 2*c^2 - 2*l^2
    ],
    [
        k - r4*l,
        b + r6*c,
        a^2 + 2*c^2 - 2*l^2
    ],
    [
        k - r6*l,
        a + r6*c,
        b^2 + 2*c^2 + 4*l^2
    ],
    [
        k - l,
        a - b,
        b^2 + 2*c^2 - 4*l^2
    ],
    [
        k - r6*l,
        a - r6*c,
        b^2 + 2*c^2 + 4*l^2
    ],
    [
        k + r4*l,
        b + r6*c,
        a^2 + 2*c^2 - 2*l^2
    ],
    [
        k + r4*l,
        b - r6*c,
        a^2 + 2*c^2 - 2*l^2
    ],
    [
        k + l,
        a + b,
        b^2 + 2*c^2 - 4*l^2
    ],
    [
        k + l,
        a - b,
        b^2 + 2*c^2 - 4*l^2
    ],
    [
        k - l,
        a + b,
        b^2 + 2*c^2 - 4*l^2
    ],
    [
        c - r18*k,
        b - 4/3*r29*l,
        a^2 + 4/3*k^2 - 8/3*l^2
    ],
    [
        c - r18*k,
        b + 4/3*r29*l,
        a^2 + 4/3*k^2 - 8/3*l^2
    ],
    [
        b - r9*c,
        a - 2*r34*l,
        c^2 - 2/3*k^2 - 1/3*l^2
    ],
    [
        b - r9*c,
        a + 2*r34*l,
        c^2 - 2/3*k^2 - 1/3*l^2
    ],
    [
        b + r43*c,
        a - 4*r45*k,
        c^2 - 8/3*k^2 - 4/3*l^2
    ],
    [
        b + r43*c,
        a + 4*r45*k,
        c^2 - 8/3*k^2 - 4/3*l^2
    ],
    [
        b + r9*c,
        a + 2*r34*l,
        c^2 - 2/3*k^2 - 1/3*l^2
    ],
    [
        b + r9*c,
        a - 2*r34*l,
        c^2 - 2/3*k^2 - 1/3*l^2
    ],
    [
        c - r9*l,
        a + r34*b,
        b^2 - 8/3*k^2 + 8/3*l^2
    ],
    [
        c + r9*l,
        a + r34*b,
        b^2 - 8/3*k^2 + 8/3*l^2
    ],
    [
        c - r9*l,
        a - r34*b,
        b^2 - 8/3*k^2 + 8/3*l^2
    ],
    [
        c + r9*l,
        a - r34*b,
        b^2 - 8/3*k^2 + 8/3*l^2
    ],
    [
        b - r18*k,
        a + 4/3*r29*l,
        c^2 - 2/3*k^2 - 2/3*l^2
    ],
    [
        b + r18*k,
        a + 4/3*r29*l,
        c^2 - 2/3*k^2 - 2/3*l^2
    ],
    [
        b - r18*k,
        a - 4/3*r29*l,
        c^2 - 2/3*k^2 - 2/3*l^2
    ],
    [
        b + r18*k,
        a - 4/3*r29*l,
        c^2 - 2/3*k^2 - 2/3*l^2
    ]
]
> [ Dimension(X) : X in C ];
[ 1, 1, 1, 1, 1, 1, 1, 1, 1, 1, 1, 1, 1, 1, 1, 1, 1, 1, 1, 1, 1, 1, 1, 1, 1, 1, 
1, 1, 1, 1, 1, 1, 1, 1, 1, 1, 1, 1, 1, 1 ]
> [ Degree(Curve(X)) : X in C ];
[ 2, 2, 2, 2, 2, 2, 2, 2, 2, 2, 2, 2, 2, 2, 2, 2, 2, 2, 2, 2, 2, 2, 2, 2, 2, 2, 
2, 2, 2, 2, 2, 2, 2, 2, 2, 2, 2, 2, 2, 2 ]
> 

Total time: 4.880 seconds, Total memory usage: 32.09MB
