Magma V2.25-4     Thu Apr 23 2020 08:56:35 on thinkpad [Seed = 
2439971972]
Type ? for help.  Type <Ctrl>-D to quit.

Loading file "examples/s4.m"
> Attach("surf.m");
> 
> P2111<D,a,b,c> := ProjectiveSpace(Rationals(), [2,1,1,1]);
> S4 := Scheme(P2111, 16*D^2 - (a+b+c)*(-a+b+c)*(a-b+c)*(a+b-c));
> 
> S := Veronese(S4);
> 
> time C := Conics(S);
Time: 1.060
> #C;
8
> [ MinimalBasis(X) : X in C ];
[
    [
        {a*c} + {b*c} - {c^2},
        {a*b} + {b^2} - {b*c},
        {a^2} - {b^2} + 2*{b*c} - {c^2},
        {D},
        {b^2}*{c^2} - {b*c}^2
    ],
    [
        {a*c},
        {a*b},
        {a^2},
        {D} - r4*{b^2} + r4*{c^2},
        {b^2}*{c^2} - {b*c}^2
    ],
    [
        {a*c},
        {a*b},
        {a^2},
        {D} + r4*{b^2} - r4*{c^2},
        {b^2}*{c^2} - {b*c}^2
    ],
    [
        {a*c} - {b*c} - {c^2},
        {a*b} - {b^2} - {b*c},
        {a^2} - {b^2} - 2*{b*c} - {c^2},
        {D},
        {b^2}*{c^2} - {b*c}^2
    ],
    [
        {a*c} + {b*c} + {c^2},
        {a*b} + {b^2} + {b*c},
        {a^2} - {b^2} - 2*{b*c} - {c^2},
        {D},
        {b^2}*{c^2} - {b*c}^2
    ],
    [
        {a*c} - {b*c} + {c^2},
        {a*b} - {b^2} + {b*c},
        {a^2} - {b^2} + 2*{b*c} - {c^2},
        {D},
        {b^2}*{c^2} - {b*c}^2
    ],
    [
        {b*c},
        {b^2},
        {a*b},
        {D} + r4*{a^2} - r4*{c^2},
        {a^2}*{c^2} - {a*c}^2
    ],
    [
        {b*c},
        {b^2},
        {a*b},
        {D} - r4*{a^2} + r4*{c^2},
        {a^2}*{c^2} - {a*c}^2
    ]
]
> [ Dimension(X) : X in C ];
[ 1, 1, 1, 1, 1, 1, 1, 1 ]
> [ Degree(Curve(X)) : X in C ];
[ 2, 2, 2, 2, 2, 2, 2, 2 ]

Total time: 1.119 seconds, Total memory usage: 32.09MB
