Magma V2.25-4     Thu Apr 30 2020 14:52:18 on thinkpad [Seed = 518658503]
Type ? for help.  Type <Ctrl>-D to quit.

Loading file "examples/s5.m"
> Attach("surf.m");
> 
> P21111<D,a,b,c,k> := ProjectiveSpace(Rationals(), [2,1,1,1,1]);
> S5 := Scheme(P21111, [
>    16*D^2 - (a+b+c)*(-a+b+c)*(a-b+c)*(a+b-c),
>    4*k^2 - (2*b^2 + 2*c^2 - a^2)] );
> 
> S := Veronese(S5);
> 
> time C := Conics(S);
Time: 4165.070
> #C;
8
> [ MinimalBasis(X) : X in C ];
[
    [
        {b*k} - {c*k} - 2*{k^2},
        {b*c} - {c^2} - 2*{c*k},
        {b^2} - {c^2} - 4*{c*k} - 4*{k^2},
        {a*k} - 2*{c*k} - 2*{k^2},
        {a*c} - 2*{c^2} - 2*{c*k},
        {a*b} - 2*{c^2} - 6*{c*k} - 4*{k^2},
        {a^2} - 4*{c^2} - 8*{c*k} - 4*{k^2},
        {D},
        {c^2}*{k^2} - {c*k}^2
    ],
    [
        {b*k} + {c*k} - 2*{k^2},
        {b*c} + {c^2} - 2*{c*k},
        {b^2} - {c^2} + 4*{c*k} - 4*{k^2},
        {a*k} - 2*{c*k} + 2*{k^2},
        {a*c} - 2*{c^2} + 2*{c*k},
        {a*b} + 2*{c^2} - 6*{c*k} + 4*{k^2},
        {a^2} - 4*{c^2} + 8*{c*k} - 4*{k^2},
        {D},
        {c^2}*{k^2} - {c*k}^2
    ],
    [
        {b*k} + {c*k} + 2*{k^2},
        {b*c} + {c^2} + 2*{c*k},
        {b^2} - {c^2} - 4*{c*k} - 4*{k^2},
        {a*k} - 2*{c*k} - 2*{k^2},
        {a*c} - 2*{c^2} - 2*{c*k},
        {a*b} + 2*{c^2} + 6*{c*k} + 4*{k^2},
        {a^2} - 4*{c^2} - 8*{c*k} - 4*{k^2},
        {D},
        {c^2}*{k^2} - {c*k}^2
    ],
    [
        {b*k} - {c*k} - 2*{k^2},
        {b*c} - {c^2} - 2*{c*k},
        {b^2} - {c^2} - 4*{c*k} - 4*{k^2},
        {a*k} + 2*{c*k} + 2*{k^2},
        {a*c} + 2*{c^2} + 2*{c*k},
        {a*b} + 2*{c^2} + 6*{c*k} + 4*{k^2},
        {a^2} - 4*{c^2} - 8*{c*k} - 4*{k^2},
        {D},
        {c^2}*{k^2} - {c*k}^2
    ],
    [
        {b*k} + {c*k} - 2*{k^2},
        {b*c} + {c^2} - 2*{c*k},
        {b^2} - {c^2} + 4*{c*k} - 4*{k^2},
        {a*k} + 2*{c*k} - 2*{k^2},
        {a*c} + 2*{c^2} - 2*{c*k},
        {a*b} - 2*{c^2} + 6*{c*k} - 4*{k^2},
        {a^2} - 4*{c^2} + 8*{c*k} - 4*{k^2},
        {D},
        {c^2}*{k^2} - {c*k}^2
    ],
    [
        {b*k} - {c*k} + 2*{k^2},
        {b*c} - {c^2} + 2*{c*k},
        {b^2} - {c^2} + 4*{c*k} - 4*{k^2},
        {a*k} + 2*{c*k} - 2*{k^2},
        {a*c} + 2*{c^2} - 2*{c*k},
        {a*b} + 2*{c^2} - 6*{c*k} + 4*{k^2},
        {a^2} - 4*{c^2} + 8*{c*k} - 4*{k^2},
        {D},
        {c^2}*{k^2} - {c*k}^2
    ],
    [
        {b*k} - {c*k} + 2*{k^2},
        {b*c} - {c^2} + 2*{c*k},
        {b^2} - {c^2} + 4*{c*k} - 4*{k^2},
        {a*k} - 2*{c*k} + 2*{k^2},
        {a*c} - 2*{c^2} + 2*{c*k},
        {a*b} - 2*{c^2} + 6*{c*k} - 4*{k^2},
        {a^2} - 4*{c^2} + 8*{c*k} - 4*{k^2},
        {D},
        {c^2}*{k^2} - {c*k}^2
    ],
    [
        {b*k} + {c*k} + 2*{k^2},
        {b*c} + {c^2} + 2*{c*k},
        {b^2} - {c^2} - 4*{c*k} - 4*{k^2},
        {a*k} + 2*{c*k} + 2*{k^2},
        {a*c} + 2*{c^2} + 2*{c*k},
        {a*b} - 2*{c^2} - 6*{c*k} - 4*{k^2},
        {a^2} - 4*{c^2} - 8*{c*k} - 4*{k^2},
        {D},
        {c^2}*{k^2} - {c*k}^2
    ]
]
> [ Dimension(X) : X in C ];
[ 1, 1, 1, 1, 1, 1, 1, 1 ]
> [ Degree(Curve(X)) : X in C ];
[ 2, 2, 2, 2, 2, 2, 2, 2 ]
> 
> 
> 

Total time: 4165.260 seconds, Total memory usage: 391.56MB
